[debug] ----------------------------------------------------------------------
[debug] Command:      /usr/local/Cellar/node/5.0.0/bin/node /usr/local/bin/firebase serve
[debug] Platform:     darwin
[debug] Node Version: v5.0.0
[debug] Time:         Fri Mar 04 2016 13:10:29 GMT-0700 (MST)
[debug] ----------------------------------------------------------------------
[debug] 
[info] Listening at http://localhost:5000
[debug] Error: listen EADDRINUSE 127.0.0.1:5000
    at Object.exports._errnoException (util.js:860:11)
    at exports._exceptionWithHostPort (util.js:883:20)
    at Server._listen2 (net.js:1234:14)
    at listen (net.js:1270:10)
    at net.js:1379:9
    at GetAddrInfoReqWrap.asyncCallback [as callback] (dns.js:63:16)
    at GetAddrInfoReqWrap.onlookup [as oncomplete] (dns.js:82:10)
[error] 
[error] Error: An unexpected error has occurred.
[debug] ----------------------------------------------------------------------
[debug] Command:      /usr/local/Cellar/node/5.0.0/bin/node /usr/local/bin/firebase serve
[debug] Platform:     darwin
[debug] Node Version: v5.0.0
[debug] Time:         Fri Mar 04 2016 13:10:52 GMT-0700 (MST)
[debug] ----------------------------------------------------------------------
[debug] 
[info] Listening at http://localhost:5000
